<?xml version="1.0" encoding="UTF-8"?>
<!-- Generated by org.testng.reporters.JUnitReportReporter -->
<testsuite skipped="0" hostname="LAPTOP-FVUP5MER" name="TestCasePackage.HomePageTestCases" tests="4" failures="0" timestamp="11 Dec 2018 03:17:58 GMT" time="32.768" errors="0">
  <testcase name="verifyContactusLinkClickable" time="9.957" classname="TestCasePackage.HomePageTestCases"/>
  <testcase name="verifyExistenceOfContactusLink" time="6.357" classname="TestCasePackage.HomePageTestCases"/>
  <testcase name="verifyExistenceOfSigninLink" time="8.044" classname="TestCasePackage.HomePageTestCases"/>
  <testcase name="verifyloginpage" time="8.410" classname="TestCasePackage.HomePageTestCases"/>
</testsuite> <!-- TestCasePackage.HomePageTestCases -->
